Using pre-set license
Built from '2020.3/release' branch; Version is '2020.3.1f1 (77a89f25062f) revision 7841951'; Using compiler version '192528614'; Build Type 'Release'
OS: 'Windows 10 Home; OS build 19042.928; Version 2009; 64bit' Language: 'en' Physical Memory: 8077 MB
BatchMode: 1, IsHumanControllingUs: 0, StartBugReporterOnCrash: 0, Is64bit: 1, IsPro: 0

 COMMAND LINE ARGUMENTS:
D:\Lets go\2020.3.1f1\Editor\Unity.exe
-adb2
-batchMode
-noUpm
-name
AssetImportWorker3
-projectPath
D:/Jocuri Tudy/Frogs/FrogsJam/Frogs Level 1
-logFile
Logs/AssetImportWorker3.log
-srvPort
52065
Successfully changed project path to: D:/Jocuri Tudy/Frogs/FrogsJam/Frogs Level 1
D:/Jocuri Tudy/Frogs/FrogsJam/Frogs Level 1
Using Asset Import Pipeline V2.
Refreshing native plugins compatible for Editor in 47.76 ms, found 1 plugins.
Preloading 0 native plugins for Editor in 0.00 ms.
Initialize engine version: 2020.3.1f1 (77a89f25062f)
[Subsystems] Discovering subsystems at path D:/Lets go/2020.3.1f1/Editor/Data/Resources/UnitySubsystems
[Subsystems] Discovering subsystems at path D:/Jocuri Tudy/Frogs/FrogsJam/Frogs Level 1/Assets
GfxDevice: creating device client; threaded=0
Direct3D:
    Version:  Direct3D 11.0 [level 11.1]
    Renderer: NVIDIA GeForce GTX 1060 (ID=0x1c20)
    Vendor:   
    VRAM:     2987 MB
    Driver:   27.21.14.6140
Initialize mono
Mono path[0] = 'D:/Lets go/2020.3.1f1/Editor/Data/Managed'
Mono path[1] = 'D:/Lets go/2020.3.1f1/Editor/Data/MonoBleedingEdge/lib/mono/unityjit'
Mono config path = 'D:/Lets go/2020.3.1f1/Editor/Data/MonoBleedingEdge/etc'
Using monoOptions --debugger-agent=transport=dt_socket,embedding=1,server=y,suspend=n,address=127.0.0.1:56192
Begin MonoManager ReloadAssembly
Registering precompiled unity dll's ...
Register platform support module: D:/Lets go/2020.3.1f1/Editor/Data/PlaybackEngines/WindowsStandaloneSupport/UnityEditor.WindowsStandalone.Extensions.dll
Registered in 0.001198 seconds.
Native extension for WindowsStandalone target not found
Refreshing native plugins compatible for Editor in 58.07 ms, found 1 plugins.
Preloading 0 native plugins for Editor in 0.00 ms.
Invoked RoslynAnalysisRunner static constructor.
RoslynAnalysisRunner will not be running.
RoslynAnalysisRunner has terminated.
Mono: successfully reloaded assembly
- Completed reload, in  1.155 seconds
Platform modules already initialized, skipping
Registering precompiled user dll's ...
Registered in 0.001088 seconds.
Begin MonoManager ReloadAssembly
Native extension for WindowsStandalone target not found
Refreshing native plugins compatible for Editor in 38.66 ms, found 1 plugins.
Preloading 0 native plugins for Editor in 0.00 ms.
Invoked RoslynAnalysisRunner static constructor.
RoslynAnalysisRunner will not be running.
RoslynAnalysisRunner has terminated.
Mono: successfully reloaded assembly
- Completed reload, in  3.492 seconds
Platform modules already initialized, skipping
========================================================================
Worker process is ready to serve import requests
Launched and connected shader compiler UnityShaderCompiler.exe after 0.08 seconds
Refreshing native plugins compatible for Editor in 0.64 ms, found 1 plugins.
Preloading 0 native plugins for Editor in 0.00 ms.
Unloading 1813 Unused Serialized files (Serialized files now loaded: 0)
System memory in use before: 84.6 MB.
System memory in use after: 84.7 MB.

Unloading 19 unused Assets to reduce memory usage. Loaded Objects now: 2260.
Total: 5.046900 ms (FindLiveObjects: 0.510000 ms CreateObjectMapping: 0.232600 ms MarkObjects: 4.132400 ms  DeleteObjects: 0.168300 ms)

========================================================================
Received Import Request.
  path: Assets/Sprites/snake2.png
  artifactKey: Guid(83d67d83e889b1e44be6d01eaf91d1d8) Importer(815301076,1909f56bfc062723c751e8b465ee728b)
Start importing Assets/Sprites/snake2.png using Guid(83d67d83e889b1e44be6d01eaf91d1d8) Importer(815301076,1909f56bfc062723c751e8b465ee728b)  -> (artifact id: '0253d65ec3f4b05e03b9e8a2b3a39921') in 0.413155 seconds
  Import took 0.450032 seconds .

========================================================================
Received Import Request.
  Time since last request: 0.000360 seconds.
  path: Assets/Sprites/Heronflap2.png
  artifactKey: Guid(e42efaf4878ce2941abe7fd41eb7fecc) Importer(815301076,1909f56bfc062723c751e8b465ee728b)
Start importing Assets/Sprites/Heronflap2.png using Guid(e42efaf4878ce2941abe7fd41eb7fecc) Importer(815301076,1909f56bfc062723c751e8b465ee728b)  -> (artifact id: '26bca8ed0590a3e513470d15c1564b8e') in 0.129932 seconds
  Import took 0.140246 seconds .

========================================================================
Received Import Request.
  Time since last request: 0.000426 seconds.
  path: Assets/Palette/water edge.asset
  artifactKey: Guid(2a4f6b9222257cd48886bfa191815381) Importer(815301076,1909f56bfc062723c751e8b465ee728b)
Start importing Assets/Palette/water edge.asset using Guid(2a4f6b9222257cd48886bfa191815381) Importer(815301076,1909f56bfc062723c751e8b465ee728b)  -> (artifact id: '93c2c222b25d2fd547c6a5af0b053cc2') in 0.124150 seconds
  Import took 0.149949 seconds .

========================================================================
Received Import Request.
  Time since last request: 0.000433 seconds.
  path: Assets/Sprites/water.png
  artifactKey: Guid(4bc8529ec85488d4787206d3d10d8994) Importer(815301076,1909f56bfc062723c751e8b465ee728b)
Start importing Assets/Sprites/water.png using Guid(4bc8529ec85488d4787206d3d10d8994) Importer(815301076,1909f56bfc062723c751e8b465ee728b)  -> (artifact id: '2593a7c2308b70098c70850ae925a8f1') in 0.078024 seconds
  Import took 0.100693 seconds .

========================================================================
Received Import Request.
  Time since last request: 0.000416 seconds.
  path: Assets/Sprites/heronidle.png
  artifactKey: Guid(e9cfe9b6752501e4793e3f570364caf6) Importer(815301076,1909f56bfc062723c751e8b465ee728b)
Start importing Assets/Sprites/heronidle.png using Guid(e9cfe9b6752501e4793e3f570364caf6) Importer(815301076,1909f56bfc062723c751e8b465ee728b)  -> (artifact id: 'ca284fde0e16fe3a0f043bd96395c5aa') in 0.012918 seconds
  Import took 0.079429 seconds .

========================================================================
Received Import Request.
  Time since last request: 0.000499 seconds.
  path: Assets/Palette/Palette.prefab
  artifactKey: Guid(bc75f7479b9ce6949b973a7b001bd133) Importer(815301076,1909f56bfc062723c751e8b465ee728b)
Start importing Assets/Palette/Palette.prefab using Guid(bc75f7479b9ce6949b973a7b001bd133) Importer(815301076,1909f56bfc062723c751e8b465ee728b)  -> (artifact id: 'a874c3738b85d30f8b94fddcbdad2fe8') in 0.017694 seconds
  Import took 0.052301 seconds .

========================================================================
Received Import Request.
  Time since last request: 0.000691 seconds.
  path: Assets/Palette/Terrain Tile_1.asset
  artifactKey: Guid(8ccdc0797df322c4e9ca0e6f3cefdb3c) Importer(815301076,1909f56bfc062723c751e8b465ee728b)
Start importing Assets/Palette/Terrain Tile_1.asset using Guid(8ccdc0797df322c4e9ca0e6f3cefdb3c) Importer(815301076,1909f56bfc062723c751e8b465ee728b)  -> (artifact id: '143a25923b668a0c4f921fdd1fb24461') in 0.055207 seconds
  Import took 0.061558 seconds .

========================================================================
Received Import Request.
  Time since last request: 0.000467 seconds.
  path: Assets/Sprites/ground underground.png
  artifactKey: Guid(a9869c2211b579e4b8041d2d9a12292d) Importer(815301076,1909f56bfc062723c751e8b465ee728b)
Start importing Assets/Sprites/ground underground.png using Guid(a9869c2211b579e4b8041d2d9a12292d) Importer(815301076,1909f56bfc062723c751e8b465ee728b)  -> (artifact id: 'd296b83073dd4b49ec1f1683ff8ffbd2') in 0.070493 seconds
  Import took 0.137312 seconds .

========================================================================
Received Import Request.
  Time since last request: 0.000621 seconds.
  path: Assets/Palette/ground underground.asset
  artifactKey: Guid(7618f8946901ceb4eb6a6d4502a1f24b) Importer(815301076,1909f56bfc062723c751e8b465ee728b)
Start importing Assets/Palette/ground underground.asset using Guid(7618f8946901ceb4eb6a6d4502a1f24b) Importer(815301076,1909f56bfc062723c751e8b465ee728b)  -> (artifact id: '0e06fb6ea112a97b59c089889a73831d') in 0.008315 seconds
  Import took 0.050855 seconds .

========================================================================
Received Import Request.
  Time since last request: 0.000341 seconds.
  path: Assets/Palette/undergroundleft.asset
  artifactKey: Guid(8090ed1ecff703c4c872cee35b868c8f) Importer(815301076,1909f56bfc062723c751e8b465ee728b)
Start importing Assets/Palette/undergroundleft.asset using Guid(8090ed1ecff703c4c872cee35b868c8f) Importer(815301076,1909f56bfc062723c751e8b465ee728b)  -> (artifact id: '50adb90d935d5e51d9695cf4ad7dfd72') in 0.064262 seconds
  Import took 0.071791 seconds .

========================================================================
Received Import Request.
  Time since last request: 0.000487 seconds.
  path: Assets/Sprites/Terrain Tile.png
  artifactKey: Guid(d0a0a03614a55c34cbc37058a16235e9) Importer(815301076,1909f56bfc062723c751e8b465ee728b)
Start importing Assets/Sprites/Terrain Tile.png using Guid(d0a0a03614a55c34cbc37058a16235e9) Importer(815301076,1909f56bfc062723c751e8b465ee728b)  -> (artifact id: '423aa18c84e9718a60128591cffdccbc') in 0.023976 seconds
  Import took 0.051749 seconds .

========================================================================
Received Import Request.
  Time since last request: 0.000410 seconds.
  path: Assets/Sprites/undergroundleft.png
  artifactKey: Guid(442e576bd8ed8b54e8d224f7a85f4efc) Importer(815301076,1909f56bfc062723c751e8b465ee728b)
Start importing Assets/Sprites/undergroundleft.png using Guid(442e576bd8ed8b54e8d224f7a85f4efc) Importer(815301076,1909f56bfc062723c751e8b465ee728b)  -> (artifact id: 'e520884eb72ca94780e9a8d8b7564126') in 0.014454 seconds
  Import took 0.032966 seconds .

========================================================================
Received Import Request.
  Time since last request: 0.000581 seconds.
  path: Assets/Sprites/water edge.png
  artifactKey: Guid(9d6a1541938508a45b23a06c1b371de9) Importer(815301076,1909f56bfc062723c751e8b465ee728b)
Start importing Assets/Sprites/water edge.png using Guid(9d6a1541938508a45b23a06c1b371de9) Importer(815301076,1909f56bfc062723c751e8b465ee728b)  -> (artifact id: 'd367ae139fc5e2dadf9f1bd6412ba9e0') in 0.012538 seconds
  Import took 0.018094 seconds .

========================================================================
Received Import Request.
  Time since last request: 0.000403 seconds.
  path: Assets/Sprites/FrogSprites.png
  artifactKey: Guid(69d65cbbdc023e645b7b76121792080f) Importer(815301076,1909f56bfc062723c751e8b465ee728b)
Start importing Assets/Sprites/FrogSprites.png using Guid(69d65cbbdc023e645b7b76121792080f) Importer(815301076,1909f56bfc062723c751e8b465ee728b)  -> (artifact id: '21bda9cdba05bf925266542c90f3510c') in 0.116679 seconds
  Import took 0.120705 seconds .

========================================================================
Received Import Request.
  Time since last request: 0.000394 seconds.
  path: Assets/Sprites/Heronflap.png
  artifactKey: Guid(216afebba9925e4429822349fabe0a74) Importer(815301076,1909f56bfc062723c751e8b465ee728b)
Start importing Assets/Sprites/Heronflap.png using Guid(216afebba9925e4429822349fabe0a74) Importer(815301076,1909f56bfc062723c751e8b465ee728b)  -> (artifact id: 'e58d708dae294995d09ddfe853eb8a74') in 0.081413 seconds
  Import took 0.085134 seconds .

========================================================================
Received Import Request.
  Time since last request: 0.000378 seconds.
  path: Assets/Sprites/snake3.png
  artifactKey: Guid(2fbbd972bc490a44996ec6f1f8bbf672) Importer(815301076,1909f56bfc062723c751e8b465ee728b)
Start importing Assets/Sprites/snake3.png using Guid(2fbbd972bc490a44996ec6f1f8bbf672) Importer(815301076,1909f56bfc062723c751e8b465ee728b)  -> (artifact id: 'f7772cbc156569bb2bc07fa993f9fcab') in 0.088035 seconds
  Import took 0.110581 seconds .

========================================================================
Received Import Request.
  Time since last request: 0.000313 seconds.
  path: Assets/Palette/undergroundright.asset
  artifactKey: Guid(fa7dd9e985440ae4db2f2f4db306d7de) Importer(815301076,1909f56bfc062723c751e8b465ee728b)
Start importing Assets/Palette/undergroundright.asset using Guid(fa7dd9e985440ae4db2f2f4db306d7de) Importer(815301076,1909f56bfc062723c751e8b465ee728b)  -> (artifact id: '72a8a0f55b364588fd54baf31a9759b2') in 0.061909 seconds
  Import took 0.088091 seconds .

========================================================================
Received Import Request.
  Time since last request: 0.000374 seconds.
  path: Assets/Palette/water.asset
  artifactKey: Guid(569d04bfce931964b8aa5fa2100500fe) Importer(815301076,1909f56bfc062723c751e8b465ee728b)
Start importing Assets/Palette/water.asset using Guid(569d04bfce931964b8aa5fa2100500fe) Importer(815301076,1909f56bfc062723c751e8b465ee728b)  -> (artifact id: '639b1a367b733b87043084eec41e0d53') in 0.007642 seconds
  Import took 0.011638 seconds .

========================================================================
Received Import Request.
  Time since last request: 0.000482 seconds.
  path: Assets/Palette/Terrain Tile_2.asset
  artifactKey: Guid(9b4ec381ed9070746a78ac642370782e) Importer(815301076,1909f56bfc062723c751e8b465ee728b)
Start importing Assets/Palette/Terrain Tile_2.asset using Guid(9b4ec381ed9070746a78ac642370782e) Importer(815301076,1909f56bfc062723c751e8b465ee728b)  -> (artifact id: 'fc34bf3fea7a845a7f76b6bd67fcf145') in 0.009568 seconds
  Import took 0.014250 seconds .

========================================================================
Received Import Request.
  Time since last request: 0.000392 seconds.
  path: Assets/Palette/Terrain Tile_0.asset
  artifactKey: Guid(d1814038b75f9224a81d77fecf222a94) Importer(815301076,1909f56bfc062723c751e8b465ee728b)
Start importing Assets/Palette/Terrain Tile_0.asset using Guid(d1814038b75f9224a81d77fecf222a94) Importer(815301076,1909f56bfc062723c751e8b465ee728b)  -> (artifact id: '9f0fc9d0ab7d17f6567f9a4b311291b7') in 0.010943 seconds
  Import took 0.014702 seconds .

========================================================================
Received Import Request.
  Time since last request: 0.000394 seconds.
  path: Assets/Sprites/snake1.png
  artifactKey: Guid(5f6ca7deba9a724449c751cebdd585ce) Importer(815301076,1909f56bfc062723c751e8b465ee728b)
Start importing Assets/Sprites/snake1.png using Guid(5f6ca7deba9a724449c751cebdd585ce) Importer(815301076,1909f56bfc062723c751e8b465ee728b)  -> (artifact id: 'aecf258e3768cecaa5a13d753ce0dddd') in 0.060265 seconds
  Import took 0.064107 seconds .

========================================================================
Received Import Request.
  Time since last request: 0.000380 seconds.
  path: Assets/Sprites/undergroundright.png
  artifactKey: Guid(693784803bc744c418331a1327f348cb) Importer(815301076,1909f56bfc062723c751e8b465ee728b)
Start importing Assets/Sprites/undergroundright.png using Guid(693784803bc744c418331a1327f348cb) Importer(815301076,1909f56bfc062723c751e8b465ee728b)  -> (artifact id: '4e61a42503b34e215fbd5619f22a47d9') in 0.010696 seconds
  Import took 0.014546 seconds .

========================================================================
Received Prepare
Registering precompiled user dll's ...
Registered in 0.001089 seconds.
Begin MonoManager ReloadAssembly
Native extension for WindowsStandalone target not found
Refreshing native plugins compatible for Editor in 0.35 ms, found 1 plugins.
Preloading 0 native plugins for Editor in 0.00 ms.
Invoked RoslynAnalysisRunner static constructor.
RoslynAnalysisRunner will not be running.
RoslynAnalysisRunner has terminated.
Mono: successfully reloaded assembly
- Completed reload, in  1.064 seconds
Platform modules already initialized, skipping
Refreshing native plugins compatible for Editor in 0.46 ms, found 1 plugins.
Preloading 0 native plugins for Editor in 0.00 ms.
Unloading 1803 Unused Serialized files (Serialized files now loaded: 0)
System memory in use before: 87.4 MB.
System memory in use after: 87.5 MB.

Unloading 7 unused Assets to reduce memory usage. Loaded Objects now: 2303.
Total: 2.313200 ms (FindLiveObjects: 0.283100 ms CreateObjectMapping: 0.083100 ms MarkObjects: 1.896800 ms  DeleteObjects: 0.049100 ms)

========================================================================
Received Prepare
Registering precompiled user dll's ...
Registered in 0.001343 seconds.
Begin MonoManager ReloadAssembly
Native extension for WindowsStandalone target not found
Refreshing native plugins compatible for Editor in 0.38 ms, found 1 plugins.
Preloading 0 native plugins for Editor in 0.00 ms.
Invoked RoslynAnalysisRunner static constructor.
RoslynAnalysisRunner will not be running.
RoslynAnalysisRunner has terminated.
Mono: successfully reloaded assembly
- Completed reload, in  1.027 seconds
Platform modules already initialized, skipping
Refreshing native plugins compatible for Editor in 0.52 ms, found 1 plugins.
Preloading 0 native plugins for Editor in 0.00 ms.
Unloading 1803 Unused Serialized files (Serialized files now loaded: 0)
System memory in use before: 87.4 MB.
System memory in use after: 87.5 MB.

Unloading 7 unused Assets to reduce memory usage. Loaded Objects now: 2307.
Total: 2.817300 ms (FindLiveObjects: 0.392700 ms CreateObjectMapping: 0.155600 ms MarkObjects: 2.219200 ms  DeleteObjects: 0.048700 ms)

========================================================================
Received Import Request.
  Time since last request: 374.203771 seconds.
  path: ProjectSettings/TagManager.asset
  artifactKey: Guid(00000000000000003000000000000000) Importer(815301076,1909f56bfc062723c751e8b465ee728b)
Start importing ProjectSettings/TagManager.asset using Guid(00000000000000003000000000000000) Importer(815301076,1909f56bfc062723c751e8b465ee728b)  -> (artifact id: '805fad2e57c96fa8957d9465ea477d84') in 0.014827 seconds
  Import took 0.087773 seconds .

========================================================================
Received Import Request.
  Time since last request: 0.026344 seconds.
  path: ProjectSettings/TagManager.asset
  artifactKey: Guid(00000000000000003000000000000000) Importer(815301076,1909f56bfc062723c751e8b465ee728b)
Start importing ProjectSettings/TagManager.asset using Guid(00000000000000003000000000000000) Importer(815301076,1909f56bfc062723c751e8b465ee728b)  -> (artifact id: '805fad2e57c96fa8957d9465ea477d84') in 0.004904 seconds
  Import took 0.012208 seconds .

========================================================================
Received Prepare
Registering precompiled user dll's ...
Registered in 0.001198 seconds.
Begin MonoManager ReloadAssembly
Native extension for WindowsStandalone target not found
Refreshing native plugins compatible for Editor in 0.38 ms, found 1 plugins.
Preloading 0 native plugins for Editor in 0.00 ms.
Invoked RoslynAnalysisRunner static constructor.
RoslynAnalysisRunner will not be running.
RoslynAnalysisRunner has terminated.
Mono: successfully reloaded assembly
- Completed reload, in  1.116 seconds
Platform modules already initialized, skipping
Refreshing native plugins compatible for Editor in 0.35 ms, found 1 plugins.
Preloading 0 native plugins for Editor in 0.00 ms.
Unloading 1803 Unused Serialized files (Serialized files now loaded: 0)
System memory in use before: 87.5 MB.
System memory in use after: 87.6 MB.

Unloading 9 unused Assets to reduce memory usage. Loaded Objects now: 2311.
Total: 2.844800 ms (FindLiveObjects: 0.373400 ms CreateObjectMapping: 0.184700 ms MarkObjects: 2.215500 ms  DeleteObjects: 0.068800 ms)

========================================================================
Received Prepare
Registering precompiled user dll's ...
Registered in 0.001265 seconds.
Begin MonoManager ReloadAssembly
Native extension for WindowsStandalone target not found
Refreshing native plugins compatible for Editor in 0.35 ms, found 1 plugins.
Preloading 0 native plugins for Editor in 0.00 ms.
Invoked RoslynAnalysisRunner static constructor.
RoslynAnalysisRunner will not be running.
RoslynAnalysisRunner has terminated.
Mono: successfully reloaded assembly
- Completed reload, in  1.055 seconds
Platform modules already initialized, skipping
Refreshing native plugins compatible for Editor in 0.36 ms, found 1 plugins.
Preloading 0 native plugins for Editor in 0.00 ms.
Unloading 1803 Unused Serialized files (Serialized files now loaded: 0)
System memory in use before: 87.5 MB.
System memory in use after: 87.6 MB.

Unloading 7 unused Assets to reduce memory usage. Loaded Objects now: 2315.
Total: 2.873900 ms (FindLiveObjects: 0.490500 ms CreateObjectMapping: 0.118200 ms MarkObjects: 2.228600 ms  DeleteObjects: 0.035500 ms)

========================================================================
Received Prepare
Registering precompiled user dll's ...
Registered in 0.001001 seconds.
Begin MonoManager ReloadAssembly
Native extension for WindowsStandalone target not found
Refreshing native plugins compatible for Editor in 0.46 ms, found 1 plugins.
Preloading 0 native plugins for Editor in 0.00 ms.
Invoked RoslynAnalysisRunner static constructor.
RoslynAnalysisRunner will not be running.
RoslynAnalysisRunner has terminated.
Mono: successfully reloaded assembly
- Completed reload, in  0.978 seconds
Platform modules already initialized, skipping
Refreshing native plugins compatible for Editor in 0.55 ms, found 1 plugins.
Preloading 0 native plugins for Editor in 0.00 ms.
Unloading 1803 Unused Serialized files (Serialized files now loaded: 0)
System memory in use before: 87.5 MB.
System memory in use after: 87.6 MB.

Unloading 7 unused Assets to reduce memory usage. Loaded Objects now: 2319.
Total: 2.590900 ms (FindLiveObjects: 0.276400 ms CreateObjectMapping: 0.077000 ms MarkObjects: 2.210900 ms  DeleteObjects: 0.023600 ms)

========================================================================
Received Prepare
Registering precompiled user dll's ...
Registered in 0.000871 seconds.
Begin MonoManager ReloadAssembly
Native extension for WindowsStandalone target not found
Refreshing native plugins compatible for Editor in 0.51 ms, found 1 plugins.
Preloading 0 native plugins for Editor in 0.00 ms.
Invoked RoslynAnalysisRunner static constructor.
RoslynAnalysisRunner will not be running.
RoslynAnalysisRunner has terminated.
Mono: successfully reloaded assembly
- Completed reload, in  1.213 seconds
Platform modules already initialized, skipping
Refreshing native plugins compatible for Editor in 0.36 ms, found 1 plugins.
Preloading 0 native plugins for Editor in 0.00 ms.
Unloading 1803 Unused Serialized files (Serialized files now loaded: 0)
System memory in use before: 87.5 MB.
System memory in use after: 87.6 MB.

Unloading 7 unused Assets to reduce memory usage. Loaded Objects now: 2323.
Total: 4.653400 ms (FindLiveObjects: 0.579100 ms CreateObjectMapping: 0.393600 ms MarkObjects: 3.648000 ms  DeleteObjects: 0.030700 ms)

========================================================================
Received Prepare
Registering precompiled user dll's ...
Registered in 0.000970 seconds.
Begin MonoManager ReloadAssembly
Native extension for WindowsStandalone target not found
Refreshing native plugins compatible for Editor in 0.44 ms, found 1 plugins.
Preloading 0 native plugins for Editor in 0.00 ms.
Invoked RoslynAnalysisRunner static constructor.
RoslynAnalysisRunner will not be running.
RoslynAnalysisRunner has terminated.
Mono: successfully reloaded assembly
- Completed reload, in  1.030 seconds
Platform modules already initialized, skipping
Refreshing native plugins compatible for Editor in 0.38 ms, found 1 plugins.
Preloading 0 native plugins for Editor in 0.00 ms.
Unloading 1803 Unused Serialized files (Serialized files now loaded: 0)
System memory in use before: 87.5 MB.
System memory in use after: 87.6 MB.

Unloading 7 unused Assets to reduce memory usage. Loaded Objects now: 2327.
Total: 2.339700 ms (FindLiveObjects: 0.222500 ms CreateObjectMapping: 0.080400 ms MarkObjects: 1.981600 ms  DeleteObjects: 0.053600 ms)

========================================================================
Received Prepare
Registering precompiled user dll's ...
Registered in 0.000925 seconds.
Begin MonoManager ReloadAssembly
Native extension for WindowsStandalone target not found
Refreshing native plugins compatible for Editor in 0.34 ms, found 1 plugins.
Preloading 0 native plugins for Editor in 0.00 ms.
Invoked RoslynAnalysisRunner static constructor.
RoslynAnalysisRunner will not be running.
RoslynAnalysisRunner has terminated.
Mono: successfully reloaded assembly
- Completed reload, in  1.030 seconds
Platform modules already initialized, skipping
Refreshing native plugins compatible for Editor in 0.40 ms, found 1 plugins.
Preloading 0 native plugins for Editor in 0.00 ms.
Unloading 1803 Unused Serialized files (Serialized files now loaded: 0)
System memory in use before: 87.5 MB.
System memory in use after: 87.6 MB.

Unloading 7 unused Assets to reduce memory usage. Loaded Objects now: 2331.
Total: 2.587300 ms (FindLiveObjects: 0.330500 ms CreateObjectMapping: 0.137300 ms MarkObjects: 2.075500 ms  DeleteObjects: 0.042100 ms)

AssetImportWorkerClient::OnTransportError - code=2 error=End of file
