Using pre-set license
Built from '2020.3/release' branch; Version is '2020.3.1f1 (77a89f25062f) revision 7841951'; Using compiler version '192528614'; Build Type 'Release'
OS: 'Windows 10 Home; OS build 19042.928; Version 2009; 64bit' Language: 'en' Physical Memory: 8077 MB
BatchMode: 1, IsHumanControllingUs: 0, StartBugReporterOnCrash: 0, Is64bit: 1, IsPro: 0

 COMMAND LINE ARGUMENTS:
D:\Lets go\2020.3.1f1\Editor\Unity.exe
-adb2
-batchMode
-noUpm
-name
AssetImportWorker5
-projectPath
D:/Jocuri Tudy/Frogs/FrogsJam/Frogs Level 1
-logFile
Logs/AssetImportWorker5.log
-srvPort
61884
Successfully changed project path to: D:/Jocuri Tudy/Frogs/FrogsJam/Frogs Level 1
D:/Jocuri Tudy/Frogs/FrogsJam/Frogs Level 1
Using Asset Import Pipeline V2.
Refreshing native plugins compatible for Editor in 71.68 ms, found 1 plugins.
Preloading 0 native plugins for Editor in 0.00 ms.
Initialize engine version: 2020.3.1f1 (77a89f25062f)
[Subsystems] Discovering subsystems at path D:/Lets go/2020.3.1f1/Editor/Data/Resources/UnitySubsystems
[Subsystems] Discovering subsystems at path D:/Jocuri Tudy/Frogs/FrogsJam/Frogs Level 1/Assets
GfxDevice: creating device client; threaded=0
Direct3D:
    Version:  Direct3D 11.0 [level 11.1]
    Renderer: NVIDIA GeForce GTX 1060 (ID=0x1c20)
    Vendor:   
    VRAM:     2987 MB
    Driver:   27.21.14.6140
Shader 'Universal Render Pipeline/Particles/Lit': fallback shader 'Universal Render Pipeline/Particles/SimpleLit' not found
Initialize mono
Mono path[0] = 'D:/Lets go/2020.3.1f1/Editor/Data/Managed'
Mono path[1] = 'D:/Lets go/2020.3.1f1/Editor/Data/MonoBleedingEdge/lib/mono/unityjit'
Mono config path = 'D:/Lets go/2020.3.1f1/Editor/Data/MonoBleedingEdge/etc'
Using monoOptions --debugger-agent=transport=dt_socket,embedding=1,server=y,suspend=n,address=127.0.0.1:56168
Begin MonoManager ReloadAssembly
Registering precompiled unity dll's ...
Register platform support module: D:/Lets go/2020.3.1f1/Editor/Data/PlaybackEngines/WindowsStandaloneSupport/UnityEditor.WindowsStandalone.Extensions.dll
Registered in 0.001724 seconds.
Native extension for WindowsStandalone target not found
Refreshing native plugins compatible for Editor in 70.73 ms, found 1 plugins.
Preloading 0 native plugins for Editor in 0.00 ms.
Invoked RoslynAnalysisRunner static constructor.
RoslynAnalysisRunner will not be running.
RoslynAnalysisRunner has terminated.
Mono: successfully reloaded assembly
- Completed reload, in  1.139 seconds
Platform modules already initialized, skipping
Registering precompiled user dll's ...
Registered in 0.002641 seconds.
Begin MonoManager ReloadAssembly
Native extension for WindowsStandalone target not found
Refreshing native plugins compatible for Editor in 74.70 ms, found 1 plugins.
Preloading 0 native plugins for Editor in 0.00 ms.
Invoked RoslynAnalysisRunner static constructor.
RoslynAnalysisRunner will not be running.
RoslynAnalysisRunner has terminated.
Mono: successfully reloaded assembly
- Completed reload, in  1.990 seconds
Platform modules already initialized, skipping
========================================================================
Worker process is ready to serve import requests
Shader 'Universal Render Pipeline/Particles/Lit': fallback shader 'Universal Render Pipeline/Particles/SimpleLit' not found
Launched and connected shader compiler UnityShaderCompiler.exe after 0.19 seconds
Refreshing native plugins compatible for Editor in 0.66 ms, found 1 plugins.
Preloading 0 native plugins for Editor in 0.00 ms.
Unloading 2969 Unused Serialized files (Serialized files now loaded: 0)
System memory in use before: 143.6 MB.
System memory in use after: 143.8 MB.

Unloading 20 unused Assets to reduce memory usage. Loaded Objects now: 3419.
Total: 2.983200 ms (FindLiveObjects: 0.347900 ms CreateObjectMapping: 0.130400 ms MarkObjects: 2.379700 ms  DeleteObjects: 0.124000 ms)

========================================================================
Received Import Request.
  path: Assets/Scripts/StompEnemy.cs
  artifactKey: Guid(24749c30374f3c34eb7fe30f1f9dbe58) Importer(815301076,1909f56bfc062723c751e8b465ee728b)
Start importing Assets/Scripts/StompEnemy.cs using Guid(24749c30374f3c34eb7fe30f1f9dbe58) Importer(815301076,1909f56bfc062723c751e8b465ee728b)  -> (artifact id: '3955a05e34c1b8d6eff980c36414f03b') in 0.074600 seconds
  Import took 0.167539 seconds .

========================================================================
Received Import Request.
  Time since last request: 152.429618 seconds.
  path: Assets/Scenes/Credits.unity
  artifactKey: Guid(484dc627e64727a43a1a04670be2f46d) Importer(815301076,1909f56bfc062723c751e8b465ee728b)
Start importing Assets/Scenes/Credits.unity using Guid(484dc627e64727a43a1a04670be2f46d) Importer(815301076,1909f56bfc062723c751e8b465ee728b)  -> (artifact id: '6485f4023f6f5272a3037f6b4c5a4c2e') in 0.035076 seconds
  Import took 0.270095 seconds .

========================================================================
Received Import Request.
  Time since last request: 47.929648 seconds.
  path: Assets/Scenes/Menu.unity
  artifactKey: Guid(f4aa63b2f15d09d4d82fde358db66aa0) Importer(815301076,1909f56bfc062723c751e8b465ee728b)
Start importing Assets/Scenes/Menu.unity using Guid(f4aa63b2f15d09d4d82fde358db66aa0) Importer(815301076,1909f56bfc062723c751e8b465ee728b)  -> (artifact id: '0cadfdbfc74009f1acd93c60280dd16a') in 0.007141 seconds
  Import took 0.037227 seconds .

========================================================================
Received Import Request.
  Time since last request: 106.793183 seconds.
  path: Assets/Scripts/Music
  artifactKey: Guid(be01e1c3ed4b1034d9f225c879dfa17e) Importer(815301076,1909f56bfc062723c751e8b465ee728b)
Start importing Assets/Scripts/Music using Guid(be01e1c3ed4b1034d9f225c879dfa17e) Importer(815301076,1909f56bfc062723c751e8b465ee728b)  -> (artifact id: '0e76df668a736c1b01d3715dc75dd731') in 0.005357 seconds
  Import took 0.088981 seconds .

========================================================================
Received Import Request.
  Time since last request: 1.108885 seconds.
  path: Assets/Scripts/Music/Buttons.cs
  artifactKey: Guid(40692aaf5aab18f45b8fb08c837a98d6) Importer(815301076,1909f56bfc062723c751e8b465ee728b)
Start importing Assets/Scripts/Music/Buttons.cs using Guid(40692aaf5aab18f45b8fb08c837a98d6) Importer(815301076,1909f56bfc062723c751e8b465ee728b)  -> (artifact id: 'd9ec6fa0e86f00044aa451a576cc14ef') in 0.031946 seconds
  Import took 0.137262 seconds .

========================================================================
Received Prepare
Registering precompiled user dll's ...
Registered in 0.001588 seconds.
Begin MonoManager ReloadAssembly
Native extension for WindowsStandalone target not found
Refreshing native plugins compatible for Editor in 0.75 ms, found 1 plugins.
Preloading 0 native plugins for Editor in 0.00 ms.
Invoked RoslynAnalysisRunner static constructor.
RoslynAnalysisRunner will not be running.
RoslynAnalysisRunner has terminated.
Mono: successfully reloaded assembly
- Completed reload, in  1.056 seconds
Platform modules already initialized, skipping
Shader 'Universal Render Pipeline/Particles/Lit': fallback shader 'Universal Render Pipeline/Particles/SimpleLit' not found
Refreshing native plugins compatible for Editor in 1.24 ms, found 1 plugins.
Preloading 0 native plugins for Editor in 0.00 ms.
Unloading 2889 Unused Serialized files (Serialized files now loaded: 0)
System memory in use before: 137.8 MB.
System memory in use after: 138.0 MB.

Unloading 9 unused Assets to reduce memory usage. Loaded Objects now: 3422.
Total: 3.530000 ms (FindLiveObjects: 0.367100 ms CreateObjectMapping: 0.247900 ms MarkObjects: 2.885400 ms  DeleteObjects: 0.027900 ms)

========================================================================
Received Prepare
Registering precompiled user dll's ...
Registered in 0.001771 seconds.
Begin MonoManager ReloadAssembly
Native extension for WindowsStandalone target not found
Refreshing native plugins compatible for Editor in 0.63 ms, found 1 plugins.
Preloading 0 native plugins for Editor in 0.00 ms.
Invoked RoslynAnalysisRunner static constructor.
RoslynAnalysisRunner will not be running.
RoslynAnalysisRunner has terminated.
Mono: successfully reloaded assembly
- Completed reload, in  1.079 seconds
Platform modules already initialized, skipping
Shader 'Universal Render Pipeline/Particles/Lit': fallback shader 'Universal Render Pipeline/Particles/SimpleLit' not found
Refreshing native plugins compatible for Editor in 0.62 ms, found 1 plugins.
Preloading 0 native plugins for Editor in 0.00 ms.
Unloading 2889 Unused Serialized files (Serialized files now loaded: 0)
System memory in use before: 137.9 MB.
System memory in use after: 138.1 MB.

Unloading 8 unused Assets to reduce memory usage. Loaded Objects now: 3426.
Total: 4.332700 ms (FindLiveObjects: 0.565000 ms CreateObjectMapping: 0.166800 ms MarkObjects: 3.523800 ms  DeleteObjects: 0.075200 ms)

========================================================================
Received Import Request.
  Time since last request: 134.491654 seconds.
  path: Assets/Scenes/Menu.unity
  artifactKey: Guid(f4aa63b2f15d09d4d82fde358db66aa0) Importer(815301076,1909f56bfc062723c751e8b465ee728b)
Start importing Assets/Scenes/Menu.unity using Guid(f4aa63b2f15d09d4d82fde358db66aa0) Importer(815301076,1909f56bfc062723c751e8b465ee728b)  -> (artifact id: 'b2f42690a362e0e653e867baf9f2c169') in 0.020480 seconds
  Import took 0.063787 seconds .

========================================================================
Received Prepare
Registering precompiled user dll's ...
Registered in 0.001802 seconds.
Begin MonoManager ReloadAssembly
Native extension for WindowsStandalone target not found
Refreshing native plugins compatible for Editor in 0.62 ms, found 1 plugins.
Preloading 0 native plugins for Editor in 0.00 ms.
Invoked RoslynAnalysisRunner static constructor.
RoslynAnalysisRunner will not be running.
RoslynAnalysisRunner has terminated.
Mono: successfully reloaded assembly
- Completed reload, in  1.074 seconds
Platform modules already initialized, skipping
Shader 'Universal Render Pipeline/Particles/Lit': fallback shader 'Universal Render Pipeline/Particles/SimpleLit' not found
Refreshing native plugins compatible for Editor in 0.56 ms, found 1 plugins.
Preloading 0 native plugins for Editor in 0.00 ms.
Unloading 2889 Unused Serialized files (Serialized files now loaded: 0)
System memory in use before: 137.9 MB.
System memory in use after: 138.1 MB.

Unloading 8 unused Assets to reduce memory usage. Loaded Objects now: 3430.
Total: 5.024500 ms (FindLiveObjects: 0.398100 ms CreateObjectMapping: 0.235000 ms MarkObjects: 4.352300 ms  DeleteObjects: 0.036900 ms)

========================================================================
Received Import Request.
  Time since last request: 101.204787 seconds.
  path: Assets/Scenes/Frog_1_Level.unity
  artifactKey: Guid(271c4a9a055dc2a4881d8bb657166dd1) Importer(815301076,1909f56bfc062723c751e8b465ee728b)
Start importing Assets/Scenes/Frog_1_Level.unity using Guid(271c4a9a055dc2a4881d8bb657166dd1) Importer(815301076,1909f56bfc062723c751e8b465ee728b)  -> (artifact id: '49b0c21fa41fe7161a4991f598e31594') in 0.016033 seconds
  Import took 0.095038 seconds .

========================================================================
Received Prepare
Registering precompiled user dll's ...
Registered in 0.001672 seconds.
Begin MonoManager ReloadAssembly
Native extension for WindowsStandalone target not found
Refreshing native plugins compatible for Editor in 0.63 ms, found 1 plugins.
Preloading 0 native plugins for Editor in 0.00 ms.
Invoked RoslynAnalysisRunner static constructor.
RoslynAnalysisRunner will not be running.
RoslynAnalysisRunner has terminated.
Mono: successfully reloaded assembly
- Completed reload, in  1.127 seconds
Platform modules already initialized, skipping
Shader 'Universal Render Pipeline/Particles/Lit': fallback shader 'Universal Render Pipeline/Particles/SimpleLit' not found
Refreshing native plugins compatible for Editor in 0.92 ms, found 1 plugins.
Preloading 0 native plugins for Editor in 0.00 ms.
Unloading 2889 Unused Serialized files (Serialized files now loaded: 0)
System memory in use before: 137.9 MB.
System memory in use after: 138.1 MB.

Unloading 8 unused Assets to reduce memory usage. Loaded Objects now: 3434.
Total: 11.772000 ms (FindLiveObjects: 1.657100 ms CreateObjectMapping: 0.526300 ms MarkObjects: 9.496300 ms  DeleteObjects: 0.089300 ms)

========================================================================
Received Import Request.
  Time since last request: 42.488557 seconds.
  path: Assets/Scenes/Menu.unity
  artifactKey: Guid(f4aa63b2f15d09d4d82fde358db66aa0) Importer(815301076,1909f56bfc062723c751e8b465ee728b)
Start importing Assets/Scenes/Menu.unity using Guid(f4aa63b2f15d09d4d82fde358db66aa0) Importer(815301076,1909f56bfc062723c751e8b465ee728b)  -> (artifact id: '6361907e6fed8055726072b989311814') in 0.019137 seconds
  Import took 0.044898 seconds .

========================================================================
Received Import Request.
  Time since last request: 5.339365 seconds.
  path: Assets/Scenes/Frog_3_Level.unity
  artifactKey: Guid(4bac0f297f843024d9bc4145cbbb5fdd) Importer(815301076,1909f56bfc062723c751e8b465ee728b)
Start importing Assets/Scenes/Frog_3_Level.unity using Guid(4bac0f297f843024d9bc4145cbbb5fdd) Importer(815301076,1909f56bfc062723c751e8b465ee728b)  -> (artifact id: '8c186dce59630f6086365f7045f33a0a') in 0.006025 seconds
  Import took 0.049207 seconds .

========================================================================
Received Import Request.
  Time since last request: 1.824490 seconds.
  path: Assets/Scenes/Frog_1_Level.unity
  artifactKey: Guid(271c4a9a055dc2a4881d8bb657166dd1) Importer(815301076,1909f56bfc062723c751e8b465ee728b)
Start importing Assets/Scenes/Frog_1_Level.unity using Guid(271c4a9a055dc2a4881d8bb657166dd1) Importer(815301076,1909f56bfc062723c751e8b465ee728b)  -> (artifact id: '1ae85a9bfc2fa9fda7390c1588fabdba') in 0.008741 seconds
  Import took 0.043795 seconds .

========================================================================
Received Prepare
Registering precompiled user dll's ...
Registered in 0.001917 seconds.
Begin MonoManager ReloadAssembly
Native extension for WindowsStandalone target not found
Refreshing native plugins compatible for Editor in 0.76 ms, found 1 plugins.
Preloading 0 native plugins for Editor in 0.00 ms.
Invoked RoslynAnalysisRunner static constructor.
RoslynAnalysisRunner will not be running.
RoslynAnalysisRunner has terminated.
Mono: successfully reloaded assembly
- Completed reload, in  1.154 seconds
Platform modules already initialized, skipping
Shader 'Universal Render Pipeline/Particles/Lit': fallback shader 'Universal Render Pipeline/Particles/SimpleLit' not found
Refreshing native plugins compatible for Editor in 0.92 ms, found 1 plugins.
Preloading 0 native plugins for Editor in 0.00 ms.
Unloading 2889 Unused Serialized files (Serialized files now loaded: 0)
System memory in use before: 137.9 MB.
System memory in use after: 138.2 MB.

Unloading 8 unused Assets to reduce memory usage. Loaded Objects now: 3438.
Total: 4.345100 ms (FindLiveObjects: 0.418400 ms CreateObjectMapping: 0.221100 ms MarkObjects: 3.677600 ms  DeleteObjects: 0.026100 ms)

========================================================================
Received Prepare
Registering precompiled user dll's ...
Registered in 0.002112 seconds.
Begin MonoManager ReloadAssembly
Native extension for WindowsStandalone target not found
Refreshing native plugins compatible for Editor in 0.84 ms, found 1 plugins.
Preloading 0 native plugins for Editor in 0.00 ms.
Invoked RoslynAnalysisRunner static constructor.
RoslynAnalysisRunner will not be running.
RoslynAnalysisRunner has terminated.
Mono: successfully reloaded assembly
- Completed reload, in  1.450 seconds
Platform modules already initialized, skipping
Shader 'Universal Render Pipeline/Particles/Lit': fallback shader 'Universal Render Pipeline/Particles/SimpleLit' not found
Refreshing native plugins compatible for Editor in 0.71 ms, found 1 plugins.
Preloading 0 native plugins for Editor in 0.00 ms.
Unloading 2889 Unused Serialized files (Serialized files now loaded: 0)
System memory in use before: 138.0 MB.
System memory in use after: 138.2 MB.

Unloading 8 unused Assets to reduce memory usage. Loaded Objects now: 3442.
Total: 3.017700 ms (FindLiveObjects: 0.333200 ms CreateObjectMapping: 0.219800 ms MarkObjects: 2.422500 ms  DeleteObjects: 0.039800 ms)

AssetImportWorkerClient::OnTransportError - code=2 error=End of file
